{"level":"error","message":"Gource Wizard server starting...","service":"backend"}
{"level":"error","message":"(Server.<anonymous>) : server is listening on 5000","service":"backend"}
{"level":"error","message":"(Server.<anonymous>) : server running from /home/robnatos/C09/project-sans-nom/backend","service":"backend"}
{"level":"info","message":"(handleConnectErr) : failed to connect to Db dev_sansnom due to ERROR: MongooseServerSelectionError: Could not connect to any servers in your MongoDB Atlas cluster. One common reason is that you're trying to access the database from an IP that isn't whitelisted. Make sure your current IP address is on your Atlas cluster's IP whitelist: https://docs.atlas.mongodb.com/security-whitelist/","service":"backend"}
{"level":"info","message":"Gource Wizard server starting...","service":"backend"}
{"level":"info","message":"(Server.<anonymous>) : server is listening on 5000","service":"backend"}
{"level":"info","message":"(Server.<anonymous>) : server running from /home/robnatos/C09/project-sans-nom/backend","service":"backend"}
{"level":"error","message":"(handleConnectErr) : failed to connect to Db dev_sansnom due to ERROR: MongooseServerSelectionError: Could not connect to any servers in your MongoDB Atlas cluster. One common reason is that you're trying to access the database from an IP that isn't whitelisted. Make sure your current IP address is on your Atlas cluster's IP whitelist: https://docs.atlas.mongodb.com/security-whitelist/","service":"backend"}
{"level":"info","message":"Gource Wizard server starting...","service":"backend"}
{"level":"info","message":"(Server.<anonymous>) : server is listening on 5000","service":"backend"}
{"level":"info","message":"(Server.<anonymous>) : server running from /home/robnatos/C09/project-sans-nom/backend","service":"backend"}
{"level":"error","message":"(handleConnectErr) : failed to connect to Db dev_sansnom due to ERROR: MongooseServerSelectionError: Could not connect to any servers in your MongoDB Atlas cluster. One common reason is that you're trying to access the database from an IP that isn't whitelisted. Make sure your current IP address is on your Atlas cluster's IP whitelist: https://docs.atlas.mongodb.com/security-whitelist/","service":"backend"}
{"level":"info","message":"Gource Wizard server starting...","service":"backend"}
{"level":"info","message":"(Server.<anonymous>) : server is listening on 5000","service":"backend"}
{"level":"info","message":"(Server.<anonymous>) : server running from /home/robnatos/C09/project-sans-nom/backend","service":"backend"}
{"level":"info","message":"(handleConnect) : successfully connected to DB dev_sansnom","service":"backend"}
{"level":"info","message":"(Object.<anonymous>) : Gource Wizard server starting...","service":"backend"}
{"level":"info","message":"(Server.<anonymous>) : server is listening on 5000","service":"backend"}
{"level":"info","message":"(Server.<anonymous>) : server running from /home/robnatos/C09/project-sans-nom/backend","service":"backend"}
{"level":"info","message":"successfully connected to DB dev_sansnom","service":"backend"}
{"level":"info","message":"Gource Wizard server starting...","service":"backend"}
{"level":"info","message":"server is listening on 5000","service":"backend"}
{"level":"info","message":"server running from /home/robnatos/C09/project-sans-nom/backend","service":"backend"}
{"level":"info","message":"(handleConnect) : successfully connected to DB dev_sansnom","service":"backend"}
